<?xml version="1.0" encoding="UTF-8"?>
<!-- Generated by org.testng.reporters.JUnitReportReporter -->
<testsuite hostname="WUSSC250374-ZV8" failures="0" tests="3" name="twice.test.SignInTest" time="12.793" errors="0" timestamp="2024-12-03T19:37:07 PST" skipped="0">
  <testcase classname="twice.test.SignInTest" name="testEmptyFields" time="4.220"/>
  <testcase classname="twice.test.SignInTest" name="testEmptyFields" time="4.499"/>
  <testcase classname="twice.test.SignInTest" name="testEmptyFields" time="4.074"/>
</testsuite> <!-- twice.test.SignInTest -->
