<?xml version="1.0" encoding="UTF-8"?>
<!-- Generated by org.testng.reporters.JUnitReportReporter -->
<testsuite hostname="WUSSC250374-ZV8" failures="0" tests="1" name="twice.test.OpenAccountTest" time="6.324" errors="0" timestamp="2024-12-04T06:04:13 PST" skipped="0">
  <testcase classname="twice.test.OpenAccountTest" name="testOpenAccount" time="6.324"/>
</testsuite> <!-- twice.test.OpenAccountTest -->
