<?xml version="1.0" encoding="UTF-8"?>
<!-- Generated by org.testng.reporters.JUnitReportReporter -->
<testsuite hostname="WUSSC250374-ZV8" failures="0" tests="1" name="twice.test.FindPartnerPageTest" time="7.449" errors="0" timestamp="2024-12-03T11:07:57 PST" skipped="0">
  <testcase classname="twice.test.FindPartnerPageTest" name="testSearchPartner" time="7.449"/>
</testsuite> <!-- twice.test.FindPartnerPageTest -->
