<?xml version="1.0" encoding="UTF-8"?>
<!-- Generated by org.testng.reporters.JUnitReportReporter -->
<testsuite hostname="WUSSC250374-ZV8" failures="0" tests="1" name="twice.test.FooterHeaderTitlesTest" time="4.399" errors="0" timestamp="2024-12-03T15:05:02 PST" skipped="0">
  <testcase classname="twice.test.FooterHeaderTitlesTest" name="getFooterHearTitles" time="4.399"/>
</testsuite> <!-- twice.test.FooterHeaderTitlesTest -->
