<?xml version="1.0" encoding="UTF-8"?>
<!-- Generated by org.testng.reporters.JUnitReportReporter -->
<testsuite hostname="WUSSC250374-ZV8" failures="0" tests="1" name="twice.test.FooterLinksNewTabTest" time="8.907" errors="0" timestamp="2024-12-03T17:05:39 PST" skipped="0">
  <testcase classname="twice.test.FooterLinksNewTabTest" name="checkFooterLinksOpenInNewTabs" time="8.907"/>
</testsuite> <!-- twice.test.FooterLinksNewTabTest -->
