<?xml version="1.0" encoding="UTF-8"?>
<!-- Generated by org.testng.reporters.JUnitReportReporter -->
<testsuite hostname="WUSSC250374-ZV8" failures="0" tests="1" name="twice.test.FooterHeaderCountTest" time="3.520" errors="0" timestamp="2024-12-03T15:07:25 PST" skipped="0">
  <testcase classname="twice.test.FooterHeaderCountTest" name="countFooterHeaders" time="3.520"/>
</testsuite> <!-- twice.test.FooterHeaderCountTest -->
