<?xml version="1.0" encoding="UTF-8"?>
<!-- Generated by org.testng.reporters.JUnitReportReporter -->
<testsuite hostname="WUSSC250374-ZV8" failures="0" tests="1" name="twice.test.FooterTest" time="0.572" errors="0" timestamp="2024-12-02T14:57:15 PST" skipped="0">
  <testcase classname="twice.test.FooterTest" name="ValidateCountOfLinksOnLandingPage" time="0.572"/>
</testsuite> <!-- twice.test.FooterTest -->
