<?xml version="1.0" encoding="UTF-8"?>
<!-- Generated by org.testng.reporters.JUnitReportReporter -->
<testsuite hostname="WUSSC250374-ZV8" failures="0" tests="1" name="twice.test.HomePageTest" time="6.211" errors="0" timestamp="2024-12-03T13:26:18 PST" skipped="0">
  <testcase classname="twice.test.HomePageTest" name="countLinksOnHomePage" time="6.211"/>
</testsuite> <!-- twice.test.HomePageTest -->
